<?xml version="1.0" encoding="UTF-8"?>
<!-- Generated by org.testng.reporters.JUnitXMLReporter -->
<testsuite ignored="0" hostname="Anand" failures="0" tests="3" name="Surefire test" time="9.58" errors="0" timestamp="2025-12-26T16:32:19 IST">
  <testcase classname="com.orangehrm.LoginTest" name="testLoginAndMyInfo" time="1.809"/>
  <testcase classname="com.orangehrm.LoginTest" name="myInfoTest" time="1.512"/>
  <testcase classname="com.orangehrm.LoginTest" name="performanceTest" time="1.4"/>
</testsuite> <!-- Surefire test -->
