<?xml version="1.0" encoding="UTF-8"?>
<!-- Generated by org.testng.reporters.JUnitXMLReporter -->
<testsuite ignored="0" hostname="Anand" failures="1" tests="4" name="Surefire test" time="39.951" errors="0" timestamp="2026-01-13T19:32:50 IST">
  <testcase classname="com.orangehrm.LoginTest" name="testLoginAndMyInfo" time="10.147"/>
  <testcase classname="com.orangehrm.LoginTest" name="myInfoTest" time="6.205"/>
  <testcase classname="com.orangehrm.LoginTest" name="performanceTest" time="7.381"/>
  <testcase classname="com.orangehrm.LoginTest" name="failedTestDemo" time="0.014">
    <failure type="java.lang.AssertionError" message="This test is designed to fail to check screenshot expected [true] but found [false]">
      <![CDATA[java.lang.AssertionError: This test is designed to fail to check screenshot expected [true] but found [false]
at com.orangehrm.LoginTest.failedTestDemo(LoginTest.java:64)
at java.base/java.util.ArrayList.forEach(ArrayList.java:1596)
... Removed 33 stack frames]]>
    </failure>
  </testcase> <!-- failedTestDemo -->
</testsuite> <!-- Surefire test -->
