<?xml version="1.0" encoding="UTF-8"?>
<!-- Generated by org.testng.reporters.JUnitXMLReporter -->
<testsuite ignored="0" hostname="Anand" failures="0" tests="3" name="Default test" time="9.664" errors="0" timestamp="2025-12-26T16:03:08 IST">
  <testcase classname="com.orangehrm.LoginTest" name="testLoginAndMyInfo" time="1.802"/>
  <testcase classname="com.orangehrm.LoginTest" name="myInfoTest" time="1.697"/>
  <testcase classname="com.orangehrm.LoginTest" name="performanceTest" time="1.428"/>
</testsuite> <!-- Default test -->
