<?xml version="1.0" encoding="UTF-8"?>
<testng-results ignored="0" total="4" passed="3" failed="1" skipped="0">
  <reporter-output>
  </reporter-output>
  <suite started-at="2026-01-13T19:32:10 IST" name="Surefire suite" finished-at="2026-01-13T19:32:50 IST" duration-ms="39951">
    <groups>
    </groups>
    <test started-at="2026-01-13T19:32:10 IST" name="Surefire test" finished-at="2026-01-13T19:32:50 IST" duration-ms="39951">
      <class name="com.orangehrm.LoginTest">
        <test-method is-config="true" signature="setup()[pri:0, instance:com.orangehrm.LoginTest@2f7c2f4f]" started-at="2026-01-13T19:32:10 IST" name="setup" finished-at="2026-01-13T19:32:25 IST" duration-ms="15675" status="PASS">
          <reporter-output>
          </reporter-output>
        </test-method> <!-- setup -->
        <test-method signature="testLoginAndMyInfo()[pri:1, instance:com.orangehrm.LoginTest@2f7c2f4f]" started-at="2026-01-13T19:32:25 IST" name="testLoginAndMyInfo" finished-at="2026-01-13T19:32:36 IST" duration-ms="10147" status="PASS">
          <reporter-output>
          </reporter-output>
        </test-method> <!-- testLoginAndMyInfo -->
        <test-method signature="myInfoTest()[pri:2, instance:com.orangehrm.LoginTest@2f7c2f4f]" started-at="2026-01-13T19:32:36 IST" name="myInfoTest" finished-at="2026-01-13T19:32:42 IST" depends-on-methods="com.orangehrm.LoginTest.testLoginAndMyInfo" duration-ms="6205" status="PASS">
          <reporter-output>
          </reporter-output>
        </test-method> <!-- myInfoTest -->
        <test-method signature="performanceTest()[pri:3, instance:com.orangehrm.LoginTest@2f7c2f4f]" started-at="2026-01-13T19:32:42 IST" name="performanceTest" finished-at="2026-01-13T19:32:49 IST" duration-ms="7381" status="PASS">
          <reporter-output>
          </reporter-output>
        </test-method> <!-- performanceTest -->
        <test-method signature="failedTestDemo()[pri:4, instance:com.orangehrm.LoginTest@2f7c2f4f]" started-at="2026-01-13T19:32:49 IST" name="failedTestDemo" finished-at="2026-01-13T19:32:49 IST" duration-ms="14" status="FAIL">
          <exception class="java.lang.AssertionError">
            <message>
              <![CDATA[This test is designed to fail to check screenshot expected [true] but found [false]]]>
            </message>
            <full-stacktrace>
              <![CDATA[java.lang.AssertionError: This test is designed to fail to check screenshot expected [true] but found [false]
at org.testng.Assert.fail(Assert.java:111)
at org.testng.Assert.failNotEquals(Assert.java:1590)
at org.testng.Assert.assertTrue(Assert.java:57)
at com.orangehrm.LoginTest.failedTestDemo(LoginTest.java:64)
at java.base/jdk.internal.reflect.DirectMethodHandleAccessor.invoke(DirectMethodHandleAccessor.java:103)
at java.base/java.lang.reflect.Method.invoke(Method.java:580)
at org.testng.internal.invokers.MethodInvocationHelper.invokeMethod(MethodInvocationHelper.java:141)
at org.testng.internal.invokers.TestInvoker.invokeMethod(TestInvoker.java:687)
at org.testng.internal.invokers.TestInvoker.invokeTestMethod(TestInvoker.java:230)
at org.testng.internal.invokers.MethodRunner.runInSequence(MethodRunner.java:63)
at org.testng.internal.invokers.TestInvoker$MethodInvocationAgent.invoke(TestInvoker.java:995)
at org.testng.internal.invokers.TestInvoker.invokeTestMethods(TestInvoker.java:203)
at org.testng.internal.invokers.TestMethodWorker.invokeTestMethods(TestMethodWorker.java:154)
at org.testng.internal.invokers.TestMethodWorker.run(TestMethodWorker.java:134)
at java.base/java.util.ArrayList.forEach(ArrayList.java:1596)
at org.testng.TestRunner.privateRun(TestRunner.java:741)
at org.testng.TestRunner.run(TestRunner.java:616)
at org.testng.SuiteRunner.runTest(SuiteRunner.java:421)
at org.testng.SuiteRunner.runSequentially(SuiteRunner.java:413)
at org.testng.SuiteRunner.privateRun(SuiteRunner.java:373)
at org.testng.SuiteRunner.run(SuiteRunner.java:312)
at org.testng.SuiteRunnerWorker.runSuite(SuiteRunnerWorker.java:52)
at org.testng.SuiteRunnerWorker.run(SuiteRunnerWorker.java:95)
at org.testng.TestNG.runSuitesSequentially(TestNG.java:1274)
at org.testng.TestNG.runSuitesLocally(TestNG.java:1208)
at org.testng.TestNG.runSuites(TestNG.java:1112)
at org.testng.TestNG.run(TestNG.java:1079)
at org.apache.maven.surefire.testng.TestNGExecutor.run(TestNGExecutor.java:155)
at org.apache.maven.surefire.testng.TestNGDirectoryTestSuite.executeSingleClass(TestNGDirectoryTestSuite.java:102)
at org.apache.maven.surefire.testng.TestNGDirectoryTestSuite.execute(TestNGDirectoryTestSuite.java:91)
at org.apache.maven.surefire.testng.TestNGProvider.invoke(TestNGProvider.java:137)
at org.apache.maven.surefire.booter.ForkedBooter.runSuitesInProcess(ForkedBooter.java:385)
at org.apache.maven.surefire.booter.ForkedBooter.execute(ForkedBooter.java:162)
at org.apache.maven.surefire.booter.ForkedBooter.run(ForkedBooter.java:507)
at org.apache.maven.surefire.booter.ForkedBooter.main(ForkedBooter.java:495)
]]>
            </full-stacktrace>
          </exception> <!-- java.lang.AssertionError -->
          <reporter-output>
          </reporter-output>
        </test-method> <!-- failedTestDemo -->
        <test-method is-config="true" signature="tearDown()[pri:0, instance:com.orangehrm.LoginTest@2f7c2f4f]" started-at="2026-01-13T19:32:49 IST" name="tearDown" finished-at="2026-01-13T19:32:50 IST" duration-ms="456" status="PASS">
          <reporter-output>
          </reporter-output>
        </test-method> <!-- tearDown -->
      </class> <!-- com.orangehrm.LoginTest -->
    </test> <!-- Surefire test -->
  </suite> <!-- Surefire suite -->
</testng-results>
