<?xml version="1.0" encoding="UTF-8"?>
<testng-results ignored="0" total="3" passed="3" failed="0" skipped="0">
  <reporter-output>
  </reporter-output>
  <suite started-at="2025-12-26T16:32:10 IST" name="Surefire suite" finished-at="2025-12-26T16:32:19 IST" duration-ms="9580">
    <groups>
    </groups>
    <test started-at="2025-12-26T16:32:10 IST" name="Surefire test" finished-at="2025-12-26T16:32:19 IST" duration-ms="9580">
      <class name="com.orangehrm.LoginTest">
        <test-method is-config="true" signature="setup()[pri:0, instance:com.orangehrm.LoginTest@3aefe5e5]" started-at="2025-12-26T16:32:10 IST" name="setup" finished-at="2025-12-26T16:32:14 IST" duration-ms="4655" status="PASS">
          <reporter-output>
          </reporter-output>
        </test-method> <!-- setup -->
        <test-method signature="testLoginAndMyInfo()[pri:1, instance:com.orangehrm.LoginTest@3aefe5e5]" started-at="2025-12-26T16:32:14 IST" name="testLoginAndMyInfo" finished-at="2025-12-26T16:32:16 IST" duration-ms="1809" status="PASS">
          <reporter-output>
          </reporter-output>
        </test-method> <!-- testLoginAndMyInfo -->
        <test-method signature="myInfoTest()[pri:2, instance:com.orangehrm.LoginTest@3aefe5e5]" started-at="2025-12-26T16:32:16 IST" name="myInfoTest" finished-at="2025-12-26T16:32:18 IST" depends-on-methods="com.orangehrm.LoginTest.testLoginAndMyInfo" duration-ms="1512" status="PASS">
          <reporter-output>
          </reporter-output>
        </test-method> <!-- myInfoTest -->
        <test-method signature="performanceTest()[pri:3, instance:com.orangehrm.LoginTest@3aefe5e5]" started-at="2025-12-26T16:32:18 IST" name="performanceTest" finished-at="2025-12-26T16:32:19 IST" duration-ms="1400" status="PASS">
          <reporter-output>
          </reporter-output>
        </test-method> <!-- performanceTest -->
        <test-method is-config="true" signature="tearDown()[pri:0, instance:com.orangehrm.LoginTest@3aefe5e5]" started-at="2025-12-26T16:32:19 IST" name="tearDown" finished-at="2025-12-26T16:32:19 IST" duration-ms="170" status="PASS">
          <reporter-output>
          </reporter-output>
        </test-method> <!-- tearDown -->
      </class> <!-- com.orangehrm.LoginTest -->
    </test> <!-- Surefire test -->
  </suite> <!-- Surefire suite -->
</testng-results>
