<?xml version="1.0" encoding="UTF-8"?>
<!-- Generated by org.testng.reporters.JUnitXMLReporter -->
<testsuite ignored="0" hostname="Anand" failures="1" tests="4" name="Login Test" time="49.001" errors="0" timestamp="2026-01-13T19:28:49 IST">
  <testcase classname="com.orangehrm.LoginTest" name="testLoginAndMyInfo" time="11.011"/>
  <testcase classname="com.orangehrm.LoginTest" name="myInfoTest" time="4.89"/>
  <testcase classname="com.orangehrm.LoginTest" name="performanceTest" time="7.599"/>
  <testcase classname="com.orangehrm.LoginTest" name="failedTestDemo" time="0.017">
    <failure type="java.lang.AssertionError" message="This test is designed to fail to check screenshot expected [true] but found [false]">
      <![CDATA[java.lang.AssertionError: This test is designed to fail to check screenshot expected [true] but found [false]
at com.orangehrm.LoginTest.failedTestDemo(LoginTest.java:64)
at java.base/java.util.ArrayList.forEach(ArrayList.java:1596)
... Removed 28 stack frames]]>
    </failure>
  </testcase> <!-- failedTestDemo -->
</testsuite> <!-- Login Test -->
