<?xml version="1.0" encoding="UTF-8"?>
<!-- Generated by org.testng.reporters.JUnitXMLReporter -->
<testsuite ignored="0" hostname="Anand" failures="1" tests="4" name="Login Test" time="9.537" errors="0" timestamp="2025-12-29T13:44:25 IST">
  <testcase classname="com.orangehrm.LoginTest" name="testLoginAndMyInfo" time="1.861"/>
  <testcase classname="com.orangehrm.LoginTest" name="myInfoTest" time="1.642"/>
  <testcase classname="com.orangehrm.LoginTest" name="performanceTest" time="1.339"/>
  <testcase classname="com.orangehrm.LoginTest" name="failedTestDemo" time="0.006">
    <failure type="java.lang.AssertionError" message="This test is designed to fail to check screenshot expected [true] but found [false]">
      <![CDATA[java.lang.AssertionError: This test is designed to fail to check screenshot expected [true] but found [false]
at com.orangehrm.LoginTest.failedTestDemo(LoginTest.java:59)
at java.base/java.util.ArrayList.forEach(ArrayList.java:1596)
... Removed 28 stack frames]]>
    </failure>
  </testcase> <!-- failedTestDemo -->
</testsuite> <!-- Login Test -->
