<?xml version="1.0" encoding="UTF-8"?>
<testng-results ignored="0" total="3" passed="3" failed="0" skipped="0">
  <reporter-output>
  </reporter-output>
  <suite started-at="2025-12-26T16:02:58 IST" name="Default suite" finished-at="2025-12-26T16:03:08 IST" duration-ms="9664">
    <groups>
    </groups>
    <test started-at="2025-12-26T16:02:58 IST" name="Default test" finished-at="2025-12-26T16:03:08 IST" duration-ms="9664">
      <class name="com.orangehrm.LoginTest">
        <test-method is-config="true" signature="setup()[pri:0, instance:com.orangehrm.LoginTest@4c12331b]" started-at="2025-12-26T16:02:58 IST" name="setup" finished-at="2025-12-26T16:03:03 IST" duration-ms="4498" status="PASS">
          <reporter-output>
          </reporter-output>
        </test-method> <!-- setup -->
        <test-method signature="testLoginAndMyInfo()[pri:1, instance:com.orangehrm.LoginTest@4c12331b]" started-at="2025-12-26T16:03:03 IST" name="testLoginAndMyInfo" finished-at="2025-12-26T16:03:05 IST" duration-ms="1802" status="PASS">
          <reporter-output>
          </reporter-output>
        </test-method> <!-- testLoginAndMyInfo -->
        <test-method signature="myInfoTest()[pri:2, instance:com.orangehrm.LoginTest@4c12331b]" started-at="2025-12-26T16:03:05 IST" name="myInfoTest" finished-at="2025-12-26T16:03:06 IST" depends-on-methods="com.orangehrm.LoginTest.testLoginAndMyInfo" duration-ms="1697" status="PASS">
          <reporter-output>
          </reporter-output>
        </test-method> <!-- myInfoTest -->
        <test-method signature="performanceTest()[pri:3, instance:com.orangehrm.LoginTest@4c12331b]" started-at="2025-12-26T16:03:06 IST" name="performanceTest" finished-at="2025-12-26T16:03:08 IST" duration-ms="1428" status="PASS">
          <reporter-output>
          </reporter-output>
        </test-method> <!-- performanceTest -->
        <test-method is-config="true" signature="tearDown()[pri:0, instance:com.orangehrm.LoginTest@4c12331b]" started-at="2025-12-26T16:03:08 IST" name="tearDown" finished-at="2025-12-26T16:03:08 IST" duration-ms="188" status="PASS">
          <reporter-output>
          </reporter-output>
        </test-method> <!-- tearDown -->
      </class> <!-- com.orangehrm.LoginTest -->
    </test> <!-- Default test -->
  </suite> <!-- Default suite -->
</testng-results>
