<?xml version="1.0" encoding="UTF-8"?>
<testng-results ignored="0" total="4" passed="3" failed="1" skipped="0">
  <reporter-output>
  </reporter-output>
  <suite started-at="2025-12-29T13:44:16 IST" name="OrangeHRM Suite" finished-at="2025-12-29T13:44:25 IST" duration-ms="9537">
    <groups>
    </groups>
    <test started-at="2025-12-29T13:44:16 IST" name="Login Test" finished-at="2025-12-29T13:44:25 IST" duration-ms="9537">
      <class name="com.orangehrm.LoginTest">
        <test-method is-config="true" signature="setup()[pri:0, instance:com.orangehrm.LoginTest@7e6f74c]" started-at="2025-12-29T13:44:16 IST" name="setup" finished-at="2025-12-29T13:44:20 IST" duration-ms="4218" status="PASS">
          <reporter-output>
          </reporter-output>
        </test-method> <!-- setup -->
        <test-method signature="testLoginAndMyInfo()[pri:1, instance:com.orangehrm.LoginTest@7e6f74c]" started-at="2025-12-29T13:44:20 IST" name="testLoginAndMyInfo" finished-at="2025-12-29T13:44:22 IST" duration-ms="1861" status="PASS">
          <reporter-output>
          </reporter-output>
        </test-method> <!-- testLoginAndMyInfo -->
        <test-method is-config="true" signature="captureScreenshotOnFailure(org.testng.ITestResult)[pri:0, instance:com.orangehrm.LoginTest@7e6f74c]" started-at="2025-12-29T13:44:22 IST" name="captureScreenshotOnFailure" finished-at="2025-12-29T13:44:22 IST" duration-ms="1" status="PASS">
          <params>
            <param index="0">
              <value>
                <![CDATA[[TestResult name=testLoginAndMyInfo status=SUCCESS method=LoginTest.testLoginAndMyInfo()[pri:1, instance:com.orangehrm.LoginTest@7e6f74c] output={null}]]]>
              </value>
            </param>
          </params>
          <reporter-output>
          </reporter-output>
        </test-method> <!-- captureScreenshotOnFailure -->
        <test-method signature="myInfoTest()[pri:2, instance:com.orangehrm.LoginTest@7e6f74c]" started-at="2025-12-29T13:44:22 IST" name="myInfoTest" finished-at="2025-12-29T13:44:23 IST" depends-on-methods="com.orangehrm.LoginTest.testLoginAndMyInfo" duration-ms="1642" status="PASS">
          <reporter-output>
          </reporter-output>
        </test-method> <!-- myInfoTest -->
        <test-method is-config="true" signature="captureScreenshotOnFailure(org.testng.ITestResult)[pri:0, instance:com.orangehrm.LoginTest@7e6f74c]" started-at="2025-12-29T13:44:23 IST" name="captureScreenshotOnFailure" finished-at="2025-12-29T13:44:23 IST" duration-ms="1" status="PASS">
          <params>
            <param index="0">
              <value>
                <![CDATA[[TestResult name=myInfoTest status=SUCCESS method=LoginTest.myInfoTest()[pri:2, instance:com.orangehrm.LoginTest@7e6f74c] output={null}]]]>
              </value>
            </param>
          </params>
          <reporter-output>
          </reporter-output>
        </test-method> <!-- captureScreenshotOnFailure -->
        <test-method signature="performanceTest()[pri:3, instance:com.orangehrm.LoginTest@7e6f74c]" started-at="2025-12-29T13:44:23 IST" name="performanceTest" finished-at="2025-12-29T13:44:25 IST" duration-ms="1339" status="PASS">
          <reporter-output>
          </reporter-output>
        </test-method> <!-- performanceTest -->
        <test-method is-config="true" signature="captureScreenshotOnFailure(org.testng.ITestResult)[pri:0, instance:com.orangehrm.LoginTest@7e6f74c]" started-at="2025-12-29T13:44:25 IST" name="captureScreenshotOnFailure" finished-at="2025-12-29T13:44:25 IST" duration-ms="0" status="PASS">
          <params>
            <param index="0">
              <value>
                <![CDATA[[TestResult name=performanceTest status=SUCCESS method=LoginTest.performanceTest()[pri:3, instance:com.orangehrm.LoginTest@7e6f74c] output={null}]]]>
              </value>
            </param>
          </params>
          <reporter-output>
          </reporter-output>
        </test-method> <!-- captureScreenshotOnFailure -->
        <test-method signature="failedTestDemo()[pri:4, instance:com.orangehrm.LoginTest@7e6f74c]" started-at="2025-12-29T13:44:25 IST" name="failedTestDemo" finished-at="2025-12-29T13:44:25 IST" duration-ms="6" status="FAIL">
          <exception class="java.lang.AssertionError">
            <message>
              <![CDATA[This test is designed to fail to check screenshot expected [true] but found [false]]]>
            </message>
            <full-stacktrace>
              <![CDATA[java.lang.AssertionError: This test is designed to fail to check screenshot expected [true] but found [false]
at org.testng.Assert.fail(Assert.java:111)
at org.testng.Assert.failNotEquals(Assert.java:1590)
at org.testng.Assert.assertTrue(Assert.java:57)
at com.orangehrm.LoginTest.failedTestDemo(LoginTest.java:59)
at java.base/jdk.internal.reflect.DirectMethodHandleAccessor.invoke(DirectMethodHandleAccessor.java:103)
at java.base/java.lang.reflect.Method.invoke(Method.java:580)
at org.testng.internal.invokers.MethodInvocationHelper.invokeMethod(MethodInvocationHelper.java:141)
at org.testng.internal.invokers.TestInvoker.invokeMethod(TestInvoker.java:687)
at org.testng.internal.invokers.TestInvoker.invokeTestMethod(TestInvoker.java:230)
at org.testng.internal.invokers.MethodRunner.runInSequence(MethodRunner.java:63)
at org.testng.internal.invokers.TestInvoker$MethodInvocationAgent.invoke(TestInvoker.java:995)
at org.testng.internal.invokers.TestInvoker.invokeTestMethods(TestInvoker.java:203)
at org.testng.internal.invokers.TestMethodWorker.invokeTestMethods(TestMethodWorker.java:154)
at org.testng.internal.invokers.TestMethodWorker.run(TestMethodWorker.java:134)
at java.base/java.util.ArrayList.forEach(ArrayList.java:1596)
at org.testng.TestRunner.privateRun(TestRunner.java:741)
at org.testng.TestRunner.run(TestRunner.java:616)
at org.testng.SuiteRunner.runTest(SuiteRunner.java:421)
at org.testng.SuiteRunner.runSequentially(SuiteRunner.java:413)
at org.testng.SuiteRunner.privateRun(SuiteRunner.java:373)
at org.testng.SuiteRunner.run(SuiteRunner.java:312)
at org.testng.SuiteRunnerWorker.runSuite(SuiteRunnerWorker.java:52)
at org.testng.SuiteRunnerWorker.run(SuiteRunnerWorker.java:95)
at org.testng.TestNG.runSuitesSequentially(TestNG.java:1274)
at org.testng.TestNG.runSuitesLocally(TestNG.java:1208)
at org.testng.TestNG.runSuites(TestNG.java:1112)
at org.testng.TestNG.run(TestNG.java:1079)
at org.testng.remote.AbstractRemoteTestNG.run(AbstractRemoteTestNG.java:115)
at org.testng.remote.RemoteTestNG.initAndRun(RemoteTestNG.java:293)
at org.testng.remote.RemoteTestNG.main(RemoteTestNG.java:91)
]]>
            </full-stacktrace>
          </exception> <!-- java.lang.AssertionError -->
          <reporter-output>
          </reporter-output>
        </test-method> <!-- failedTestDemo -->
        <test-method is-config="true" signature="captureScreenshotOnFailure(org.testng.ITestResult)[pri:0, instance:com.orangehrm.LoginTest@7e6f74c]" started-at="2025-12-29T13:44:25 IST" name="captureScreenshotOnFailure" finished-at="2025-12-29T13:44:25 IST" duration-ms="219" status="PASS">
          <params>
            <param index="0">
              <value>
                <![CDATA[[TestResult name=failedTestDemo status=FAILURE method=LoginTest.failedTestDemo()[pri:4, instance:com.orangehrm.LoginTest@7e6f74c] output={null}]]]>
              </value>
            </param>
          </params>
          <reporter-output>
          </reporter-output>
        </test-method> <!-- captureScreenshotOnFailure -->
        <test-method is-config="true" signature="tearDown()[pri:0, instance:com.orangehrm.LoginTest@7e6f74c]" started-at="2025-12-29T13:44:25 IST" name="tearDown" finished-at="2025-12-29T13:44:25 IST" duration-ms="195" status="PASS">
          <reporter-output>
          </reporter-output>
        </test-method> <!-- tearDown -->
      </class> <!-- com.orangehrm.LoginTest -->
    </test> <!-- Login Test -->
  </suite> <!-- OrangeHRM Suite -->
</testng-results>
