<?xml version="1.0" encoding="UTF-8"?>
<!-- Generated by org.testng.reporters.JUnitReportReporter -->
<testsuite hostname="Anand" failures="0" tests="3" name="com.orangehrm.LoginTest" time="4.721" errors="0" timestamp="2025-12-26T16:32:19 IST" skipped="0">
  <testcase classname="com.orangehrm.LoginTest" name="testLoginAndMyInfo" time="1.809"/>
  <testcase classname="com.orangehrm.LoginTest" name="myInfoTest" time="1.512"/>
  <testcase classname="com.orangehrm.LoginTest" name="performanceTest" time="1.400"/>
</testsuite> <!-- com.orangehrm.LoginTest -->
